<?xml version="1.0" encoding="UTF-8"?>
<coverage generated="1634912289">
  <project timestamp="1634912289">
    <file name="/home/dominik/BitBag/SyliusAgreementPlugin/src/Controller/AgreementController.php">
      <class name="BitBag\SyliusAgreementPlugin\Controller\AgreementController" namespace="global">
        <metrics complexity="2" methods="1" coveredmethods="0" conditionals="0" coveredconditionals="0" statements="5" coveredstatements="0" elements="6" coveredelements="0"/>
      </class>
      <line num="14" type="method" name="updateAction" visibility="public" complexity="2" crap="6" count="0"/>
      <line num="16" type="stmt" count="0"/>
      <line num="19" type="stmt" count="0"/>
      <line num="21" type="stmt" count="0"/>
      <line num="22" type="stmt" count="0"/>
      <line num="25" type="stmt" count="0"/>
      <metrics loc="28" ncloc="27" classes="1" methods="1" coveredmethods="0" conditionals="0" coveredconditionals="0" statements="5" coveredstatements="0" elements="6" coveredelements="0"/>
    </file>
    <file name="/home/dominik/BitBag/SyliusAgreementPlugin/src/Entity/Agreement/Agreement.php">
      <class name="BitBag\SyliusAgreementPlugin\Entity\Agreement\Agreement" namespace="global">
        <metrics complexity="28" methods="25" coveredmethods="21" conditionals="0" coveredconditionals="0" statements="48" coveredstatements="34" elements="73" coveredelements="55"/>
      </class>
      <line num="47" type="method" name="__construct" visibility="public" complexity="1" crap="1" count="15"/>
      <line num="49" type="stmt" count="15"/>
      <line num="50" type="stmt" count="15"/>
      <line num="51" type="stmt" count="15"/>
      <line num="53" type="method" name="__clone" visibility="public" complexity="3" crap="12" count="0"/>
      <line num="55" type="stmt" count="0"/>
      <line num="56" type="stmt" count="0"/>
      <line num="57" type="stmt" count="0"/>
      <line num="58" type="stmt" count="0"/>
      <line num="59" type="stmt" count="0"/>
      <line num="60" type="stmt" count="0"/>
      <line num="61" type="stmt" count="0"/>
      <line num="63" type="stmt" count="0"/>
      <line num="65" type="stmt" count="0"/>
      <line num="67" type="method" name="getId" visibility="public" complexity="1" crap="1" count="2"/>
      <line num="69" type="stmt" count="2"/>
      <line num="72" type="method" name="getCode" visibility="public" complexity="1" crap="1" count="1"/>
      <line num="74" type="stmt" count="1"/>
      <line num="77" type="method" name="setCode" visibility="public" complexity="1" crap="1" count="1"/>
      <line num="79" type="stmt" count="1"/>
      <line num="80" type="stmt" count="1"/>
      <line num="82" type="method" name="getMode" visibility="public" complexity="1" crap="1" count="1"/>
      <line num="84" type="stmt" count="1"/>
      <line num="87" type="method" name="setMode" visibility="public" complexity="1" crap="1" count="1"/>
      <line num="89" type="stmt" count="1"/>
      <line num="90" type="stmt" count="1"/>
      <line num="92" type="method" name="getPublishedAt" visibility="public" complexity="1" crap="1" count="1"/>
      <line num="94" type="stmt" count="1"/>
      <line num="97" type="method" name="setPublishedAt" visibility="public" complexity="2" crap="2" count="1"/>
      <line num="99" type="stmt" count="1"/>
      <line num="100" type="stmt" count="1"/>
      <line num="102" type="stmt" count="1"/>
      <line num="103" type="stmt" count="1"/>
      <line num="105" type="method" name="enable" visibility="public" complexity="1" crap="2" count="0"/>
      <line num="107" type="stmt" count="0"/>
      <line num="108" type="stmt" count="0"/>
      <line num="110" type="method" name="disable" visibility="public" complexity="1" crap="2" count="0"/>
      <line num="112" type="stmt" count="0"/>
      <line num="113" type="stmt" count="0"/>
      <line num="115" type="method" name="getContexts" visibility="public" complexity="1" crap="1" count="1"/>
      <line num="117" type="stmt" count="1"/>
      <line num="120" type="method" name="setContexts" visibility="public" complexity="1" crap="1" count="1"/>
      <line num="122" type="stmt" count="1"/>
      <line num="123" type="stmt" count="1"/>
      <line num="125" type="method" name="getParent" visibility="public" complexity="1" crap="1" count="1"/>
      <line num="127" type="stmt" count="1"/>
      <line num="130" type="method" name="setParent" visibility="public" complexity="1" crap="1" count="1"/>
      <line num="132" type="stmt" count="1"/>
      <line num="133" type="stmt" count="1"/>
      <line num="135" type="method" name="getOrderOnView" visibility="public" complexity="1" crap="1" count="1"/>
      <line num="137" type="stmt" count="1"/>
      <line num="140" type="method" name="setOrderOnView" visibility="public" complexity="1" crap="1" count="1"/>
      <line num="142" type="stmt" count="1"/>
      <line num="143" type="stmt" count="1"/>
      <line num="145" type="method" name="isApproved" visibility="public" complexity="1" crap="1" count="3"/>
      <line num="147" type="stmt" count="3"/>
      <line num="150" type="method" name="setApproved" visibility="public" complexity="1" crap="1" count="1"/>
      <line num="152" type="stmt" count="1"/>
      <line num="153" type="stmt" count="1"/>
      <line num="155" type="method" name="getArchivedAt" visibility="public" complexity="1" crap="1" count="1"/>
      <line num="157" type="stmt" count="1"/>
      <line num="160" type="method" name="setArchivedAt" visibility="public" complexity="1" crap="1" count="1"/>
      <line num="162" type="stmt" count="1"/>
      <line num="163" type="stmt" count="1"/>
      <line num="165" type="method" name="getEdiumAgreementType" visibility="public" complexity="1" crap="1" count="1"/>
      <line num="167" type="stmt" count="1"/>
      <line num="170" type="method" name="setEdiumAgreementType" visibility="public" complexity="1" crap="1" count="1"/>
      <line num="172" type="stmt" count="1"/>
      <line num="173" type="stmt" count="1"/>
      <line num="175" type="method" name="isReadOnly" visibility="public" complexity="1" crap="1" count="1"/>
      <line num="177" type="stmt" count="1"/>
      <line num="180" type="method" name="createTranslation" visibility="protected" complexity="1" crap="2" count="0"/>
      <line num="182" type="stmt" count="0"/>
      <metrics loc="184" ncloc="183" classes="1" methods="25" coveredmethods="21" conditionals="0" coveredconditionals="0" statements="48" coveredstatements="34" elements="73" coveredelements="55"/>
    </file>
    <file name="/home/dominik/BitBag/SyliusAgreementPlugin/src/Entity/Agreement/AgreementHistory.php">
      <class name="BitBag\SyliusAgreementPlugin\Entity\Agreement\AgreementHistory" namespace="global">
        <metrics complexity="13" methods="13" coveredmethods="13" conditionals="0" coveredconditionals="0" statements="21" coveredstatements="21" elements="34" coveredelements="34"/>
      </class>
      <line num="34" type="method" name="__construct" visibility="public" complexity="1" crap="1" count="7"/>
      <line num="36" type="stmt" count="7"/>
      <line num="37" type="stmt" count="7"/>
      <line num="39" type="method" name="__clone" visibility="public" complexity="1" crap="1" count="1"/>
      <line num="41" type="stmt" count="1"/>
      <line num="42" type="stmt" count="1"/>
      <line num="43" type="stmt" count="1"/>
      <line num="45" type="method" name="getId" visibility="public" complexity="1" crap="1" count="1"/>
      <line num="47" type="stmt" count="1"/>
      <line num="50" type="method" name="getAgreement" visibility="public" complexity="1" crap="1" count="1"/>
      <line num="52" type="stmt" count="1"/>
      <line num="55" type="method" name="setAgreement" visibility="public" complexity="1" crap="1" count="1"/>
      <line num="57" type="stmt" count="1"/>
      <line num="58" type="stmt" count="1"/>
      <line num="60" type="method" name="getShopUser" visibility="public" complexity="1" crap="1" count="1"/>
      <line num="62" type="stmt" count="1"/>
      <line num="65" type="method" name="setShopUser" visibility="public" complexity="1" crap="1" count="1"/>
      <line num="67" type="stmt" count="1"/>
      <line num="68" type="stmt" count="1"/>
      <line num="70" type="method" name="getOrder" visibility="public" complexity="1" crap="1" count="1"/>
      <line num="72" type="stmt" count="1"/>
      <line num="75" type="method" name="setOrder" visibility="public" complexity="1" crap="1" count="1"/>
      <line num="77" type="stmt" count="1"/>
      <line num="78" type="stmt" count="1"/>
      <line num="80" type="method" name="getState" visibility="public" complexity="1" crap="1" count="1"/>
      <line num="82" type="stmt" count="1"/>
      <line num="85" type="method" name="setState" visibility="public" complexity="1" crap="1" count="1"/>
      <line num="87" type="stmt" count="1"/>
      <line num="88" type="stmt" count="1"/>
      <line num="90" type="method" name="getContext" visibility="public" complexity="1" crap="1" count="1"/>
      <line num="92" type="stmt" count="1"/>
      <line num="95" type="method" name="setContext" visibility="public" complexity="1" crap="1" count="1"/>
      <line num="97" type="stmt" count="1"/>
      <line num="98" type="stmt" count="1"/>
      <metrics loc="99" ncloc="99" classes="1" methods="13" coveredmethods="13" conditionals="0" coveredconditionals="0" statements="21" coveredstatements="21" elements="34" coveredelements="34"/>
    </file>
    <file name="/home/dominik/BitBag/SyliusAgreementPlugin/src/Entity/Agreement/AgreementHistoryTransitions.php">
      <metrics loc="16" ncloc="16" classes="0" methods="0" coveredmethods="0" conditionals="0" coveredconditionals="0" statements="0" coveredstatements="0" elements="0" coveredelements="0"/>
    </file>
    <file name="/home/dominik/BitBag/SyliusAgreementPlugin/src/Entity/Agreement/AgreementTranslation.php">
      <class name="BitBag\SyliusAgreementPlugin\Entity\Agreement\AgreementTranslation" namespace="global">
        <metrics complexity="7" methods="7" coveredmethods="6" conditionals="0" coveredconditionals="0" statements="10" coveredstatements="9" elements="17" coveredelements="15"/>
      </class>
      <line num="22" type="method" name="getId" visibility="public" complexity="1" crap="2" count="0"/>
      <line num="24" type="stmt" count="0"/>
      <line num="27" type="method" name="getName" visibility="public" complexity="1" crap="1" count="1"/>
      <line num="29" type="stmt" count="1"/>
      <line num="32" type="method" name="setName" visibility="public" complexity="1" crap="1" count="1"/>
      <line num="34" type="stmt" count="1"/>
      <line num="35" type="stmt" count="1"/>
      <line num="37" type="method" name="getBody" visibility="public" complexity="1" crap="1" count="1"/>
      <line num="39" type="stmt" count="1"/>
      <line num="42" type="method" name="setBody" visibility="public" complexity="1" crap="1" count="1"/>
      <line num="44" type="stmt" count="1"/>
      <line num="45" type="stmt" count="1"/>
      <line num="47" type="method" name="getExtendedBody" visibility="public" complexity="1" crap="1" count="1"/>
      <line num="49" type="stmt" count="1"/>
      <line num="52" type="method" name="setExtendedBody" visibility="public" complexity="1" crap="1" count="1"/>
      <line num="54" type="stmt" count="1"/>
      <line num="55" type="stmt" count="1"/>
      <metrics loc="56" ncloc="56" classes="1" methods="7" coveredmethods="6" conditionals="0" coveredconditionals="0" statements="10" coveredstatements="9" elements="17" coveredelements="15"/>
    </file>
    <file name="/home/dominik/BitBag/SyliusAgreementPlugin/src/Entity/Agreement/AgreementTranslationInterface.php">
      <metrics loc="23" ncloc="23" classes="0" methods="0" coveredmethods="0" conditionals="0" coveredconditionals="0" statements="0" coveredstatements="0" elements="0" coveredelements="0"/>
    </file>
    <file name="/home/dominik/BitBag/SyliusAgreementPlugin/src/Entity/Agreement/AgreementsRequiredInterface.php">
      <metrics loc="14" ncloc="14" classes="0" methods="0" coveredmethods="0" conditionals="0" coveredconditionals="0" statements="0" coveredstatements="0" elements="0" coveredelements="0"/>
    </file>
    <file name="/home/dominik/BitBag/SyliusAgreementPlugin/src/Entity/Agreement/AgreementsRequiredTrait.php">
      <class name="BitBag\SyliusAgreementPlugin\Entity\Agreement\AgreementsRequiredTrait" namespace="global">
        <metrics complexity="3" methods="3" coveredmethods="3" conditionals="0" coveredconditionals="0" statements="5" coveredstatements="5" elements="8" coveredelements="8"/>
      </class>
      <line num="14" type="method" name="__construct" visibility="public" complexity="1" crap="1" count="1"/>
      <line num="16" type="stmt" count="1"/>
      <line num="17" type="stmt" count="1"/>
      <line num="19" type="method" name="getAgreements" visibility="public" complexity="1" crap="1" count="1"/>
      <line num="21" type="stmt" count="1"/>
      <line num="24" type="method" name="setAgreements" visibility="public" complexity="1" crap="1" count="1"/>
      <line num="26" type="stmt" count="1"/>
      <line num="27" type="stmt" count="1"/>
      <metrics loc="28" ncloc="27" classes="1" methods="3" coveredmethods="3" conditionals="0" coveredconditionals="0" statements="5" coveredstatements="5" elements="8" coveredelements="8"/>
    </file>
    <file name="/home/dominik/BitBag/SyliusAgreementPlugin/src/EventSubscriber/AgreementSubscriber.php">
      <class name="BitBag\SyliusAgreementPlugin\EventSubscriber\AgreementSubscriber" namespace="global">
        <metrics complexity="13" methods="5" coveredmethods="3" conditionals="0" coveredconditionals="0" statements="39" coveredstatements="36" elements="44" coveredelements="39"/>
      </class>
      <line num="30" type="method" name="__construct" visibility="public" complexity="1" crap="1" count="3"/>
      <line num="36" type="stmt" count="3"/>
      <line num="37" type="stmt" count="3"/>
      <line num="38" type="stmt" count="3"/>
      <line num="39" type="stmt" count="3"/>
      <line num="41" type="method" name="processAgreementsFromUserRegister" visibility="public" complexity="1" crap="1" count="2"/>
      <line num="44" type="stmt" count="2"/>
      <line num="47" type="stmt" count="2"/>
      <line num="50" type="stmt" count="2"/>
      <line num="51" type="stmt" count="2"/>
      <line num="52" type="stmt" count="2"/>
      <line num="53" type="stmt" count="2"/>
      <line num="56" type="stmt" count="2"/>
      <line num="58" type="method" name="getSubscribedEvents" visibility="public" complexity="1" crap="1" count="1"/>
      <line num="62" type="stmt" count="1"/>
      <line num="67" type="method" name="handleAgreements" visibility="private" complexity="5" crap="5" count="2"/>
      <line num="74" type="stmt" count="2"/>
      <line num="77" type="stmt" count="2"/>
      <line num="78" type="stmt" count="2"/>
      <line num="80" type="stmt" count="2"/>
      <line num="81" type="stmt" count="2"/>
      <line num="82" type="stmt" count="2"/>
      <line num="83" type="stmt" count="2"/>
      <line num="85" type="stmt" count="2"/>
      <line num="86" type="stmt" count="2"/>
      <line num="87" type="stmt" count="2"/>
      <line num="88" type="stmt" count="2"/>
      <line num="89" type="stmt" count="2"/>
      <line num="92" type="stmt" count="2"/>
      <line num="93" type="stmt" count="2"/>
      <line num="94" type="stmt" count="2"/>
      <line num="100" type="stmt" count="2"/>
      <line num="101" type="stmt" count="2"/>
      <line num="103" type="stmt" count="0"/>
      <line num="105" type="stmt" count="2"/>
      <line num="106" type="stmt" count="2"/>
      <line num="108" type="stmt" count="2"/>
      <line num="110" type="method" name="determineState" visibility="private" complexity="5" crap="5.93" count="2"/>
      <line num="116" type="stmt" count="2"/>
      <line num="117" type="stmt" count="2"/>
      <line num="118" type="stmt" count="0"/>
      <line num="119" type="stmt" count="2"/>
      <line num="120" type="stmt" count="0"/>
      <line num="123" type="stmt" count="2"/>
      <metrics loc="125" ncloc="120" classes="1" methods="5" coveredmethods="3" conditionals="0" coveredconditionals="0" statements="39" coveredstatements="36" elements="44" coveredelements="39"/>
    </file>
    <file name="/home/dominik/BitBag/SyliusAgreementPlugin/src/Exception/AgreementNotSupportedException.php">
      <class name="BitBag\SyliusAgreementPlugin\Exception\AgreementNotSupportedException" namespace="global">
        <metrics complexity="2" methods="2" coveredmethods="2" conditionals="0" coveredconditionals="0" statements="4" coveredstatements="4" elements="6" coveredelements="6"/>
      </class>
      <line num="14" type="method" name="__construct" visibility="public" complexity="1" crap="1" count="3"/>
      <line num="16" type="stmt" count="3"/>
      <line num="18" type="stmt" count="3"/>
      <line num="19" type="stmt" count="3"/>
      <line num="21" type="method" name="getAgreement" visibility="public" complexity="1" crap="1" count="1"/>
      <line num="23" type="stmt" count="1"/>
      <metrics loc="25" ncloc="25" classes="1" methods="2" coveredmethods="2" conditionals="0" coveredconditionals="0" statements="4" coveredstatements="4" elements="6" coveredelements="6"/>
    </file>
    <file name="/home/dominik/BitBag/SyliusAgreementPlugin/src/Form/Extension/AgreementsTypeExtension.php">
      <class name="BitBag\SyliusAgreementPlugin\Form\Extension\AgreementsTypeExtension" namespace="global">
        <metrics complexity="6" methods="4" coveredmethods="4" conditionals="0" coveredconditionals="0" statements="16" coveredstatements="16" elements="20" coveredelements="20"/>
      </class>
      <line num="25" type="method" name="__construct" visibility="public" complexity="1" crap="1" count="2"/>
      <line num="32" type="stmt" count="2"/>
      <line num="33" type="stmt" count="2"/>
      <line num="34" type="stmt" count="2"/>
      <line num="35" type="stmt" count="2"/>
      <line num="36" type="stmt" count="2"/>
      <line num="38" type="method" name="buildForm" visibility="public" complexity="1" crap="1" count="1"/>
      <line num="40" type="stmt" count="1"/>
      <line num="43" type="stmt" count="1"/>
      <line num="44" type="stmt" count="1"/>
      <line num="48" type="stmt" count="1"/>
      <line num="53" type="method" name="getExtendedTypes" visibility="public" complexity="1" crap="1" count="1"/>
      <line num="55" type="stmt" count="1"/>
      <line num="58" type="method" name="getAgreements" visibility="private" complexity="3" crap="3" count="1"/>
      <line num="60" type="stmt" count="1"/>
      <line num="61" type="stmt" count="1"/>
      <line num="62" type="stmt" count="1"/>
      <line num="66" type="stmt" count="1"/>
      <line num="67" type="stmt" count="1"/>
      <line num="70" type="stmt" count="1"/>
      <metrics loc="72" ncloc="68" classes="1" methods="4" coveredmethods="4" conditionals="0" coveredconditionals="0" statements="16" coveredstatements="16" elements="20" coveredelements="20"/>
    </file>
    <file name="/home/dominik/BitBag/SyliusAgreementPlugin/src/Form/Type/Agreement/Admin/AgreementTranslationType.php">
      <class name="BitBag\SyliusAgreementPlugin\Form\Type\Agreement\Admin\AgreementTranslationType" namespace="global">
        <metrics complexity="3" methods="3" coveredmethods="3" conditionals="0" coveredconditionals="0" statements="11" coveredstatements="11" elements="14" coveredelements="14"/>
      </class>
      <line num="15" type="method" name="buildForm" visibility="public" complexity="1" crap="1" count="1"/>
      <line num="18" type="stmt" count="1"/>
      <line num="19" type="stmt" count="1"/>
      <line num="23" type="stmt" count="1"/>
      <line num="24" type="stmt" count="1"/>
      <line num="28" type="stmt" count="1"/>
      <line num="29" type="stmt" count="1"/>
      <line num="33" type="stmt" count="1"/>
      <line num="35" type="method" name="configureOptions" visibility="public" complexity="1" crap="1" count="1"/>
      <line num="37" type="stmt" count="1"/>
      <line num="40" type="stmt" count="1"/>
      <line num="41" type="stmt" count="1"/>
      <line num="43" type="method" name="getBlockPrefix" visibility="public" complexity="1" crap="1" count="1"/>
      <line num="45" type="stmt" count="1"/>
      <metrics loc="47" ncloc="47" classes="1" methods="3" coveredmethods="3" conditionals="0" coveredconditionals="0" statements="11" coveredstatements="11" elements="14" coveredelements="14"/>
    </file>
    <file name="/home/dominik/BitBag/SyliusAgreementPlugin/src/Form/Type/Agreement/Admin/AgreementType.php">
      <class name="BitBag\SyliusAgreementPlugin\Form\Type\Agreement\Admin\AgreementType" namespace="global">
        <metrics complexity="7" methods="5" coveredmethods="5" conditionals="0" coveredconditionals="0" statements="33" coveredstatements="33" elements="38" coveredelements="38"/>
      </class>
      <line num="22" type="method" name="__construct" visibility="public" complexity="1" crap="1" count="2"/>
      <line num="24" type="stmt" count="2"/>
      <line num="25" type="stmt" count="2"/>
      <line num="27" type="stmt" count="2"/>
      <line num="28" type="stmt" count="2"/>
      <line num="29" type="stmt" count="2"/>
      <line num="31" type="method" name="prepareModesData" visibility="private" complexity="2" crap="2" count="1"/>
      <line num="33" type="stmt" count="1"/>
      <line num="35" type="stmt" count="1"/>
      <line num="36" type="stmt" count="1"/>
      <line num="39" type="stmt" count="1"/>
      <line num="42" type="method" name="prepareContextsData" visibility="private" complexity="2" crap="2" count="1"/>
      <line num="44" type="stmt" count="1"/>
      <line num="46" type="stmt" count="1"/>
      <line num="47" type="stmt" count="1"/>
      <line num="50" type="stmt" count="1"/>
      <line num="53" type="method" name="buildForm" visibility="public" complexity="1" crap="1" count="1"/>
      <line num="55" type="stmt" count="1"/>
      <line num="56" type="stmt" count="1"/>
      <line num="59" type="stmt" count="1"/>
      <line num="60" type="stmt" count="1"/>
      <line num="63" type="stmt" count="1"/>
      <line num="64" type="stmt" count="1"/>
      <line num="65" type="stmt" count="1"/>
      <line num="67" type="stmt" count="1"/>
      <line num="68" type="stmt" count="1"/>
      <line num="70" type="stmt" count="1"/>
      <line num="71" type="stmt" count="1"/>
      <line num="73" type="stmt" count="1"/>
      <line num="74" type="stmt" count="1"/>
      <line num="76" type="stmt" count="1"/>
      <line num="78" type="stmt" count="1"/>
      <line num="79" type="stmt" count="1"/>
      <line num="84" type="stmt" count="1"/>
      <line num="85" type="stmt" count="1"/>
      <line num="91" type="stmt" count="1"/>
      <line num="93" type="method" name="getBlockPrefix" visibility="public" complexity="1" crap="1" count="1"/>
      <line num="95" type="stmt" count="1"/>
      <metrics loc="97" ncloc="97" classes="1" methods="5" coveredmethods="5" conditionals="0" coveredconditionals="0" statements="33" coveredstatements="33" elements="38" coveredelements="38"/>
    </file>
    <file name="/home/dominik/BitBag/SyliusAgreementPlugin/src/Form/Type/Agreement/Shop/AgreementCheckboxType.php">
      <class name="BitBag\SyliusAgreementPlugin\Form\Type\Agreement\Shop\AgreementCheckboxType" namespace="global">
        <metrics complexity="6" methods="4" coveredmethods="4" conditionals="0" coveredconditionals="0" statements="10" coveredstatements="10" elements="14" coveredelements="14"/>
      </class>
      <line num="15" type="method" name="getParent" visibility="public" complexity="1" crap="1" count="1"/>
      <line num="17" type="stmt" count="1"/>
      <line num="20" type="method" name="getBlockPrefix" visibility="public" complexity="1" crap="1" count="1"/>
      <line num="22" type="stmt" count="1"/>
      <line num="25" type="method" name="buildView" visibility="public" complexity="3" crap="3" count="2"/>
      <line num="27" type="stmt" count="2"/>
      <line num="28" type="stmt" count="2"/>
      <line num="29" type="stmt" count="2"/>
      <line num="30" type="stmt" count="2"/>
      <line num="31" type="stmt" count="2"/>
      <line num="33" type="method" name="configureOptions" visibility="public" complexity="1" crap="1" count="1"/>
      <line num="35" type="stmt" count="1"/>
      <line num="38" type="stmt" count="1"/>
      <line num="39" type="stmt" count="1"/>
      <metrics loc="40" ncloc="40" classes="1" methods="4" coveredmethods="4" conditionals="0" coveredconditionals="0" statements="10" coveredstatements="10" elements="14" coveredelements="14"/>
    </file>
    <file name="/home/dominik/BitBag/SyliusAgreementPlugin/src/Form/Type/Agreement/Shop/AgreementCollectionType.php">
      <class name="BitBag\SyliusAgreementPlugin\Form\Type\Agreement\Shop\AgreementCollectionType" namespace="global">
        <metrics complexity="8" methods="5" coveredmethods="3" conditionals="0" coveredconditionals="0" statements="35" coveredstatements="15" elements="40" coveredelements="18"/>
      </class>
      <line num="22" type="method" name="__construct" visibility="public" complexity="1" crap="1" count="4"/>
      <line num="24" type="stmt" count="4"/>
      <line num="25" type="stmt" count="4"/>
      <line num="27" type="method" name="configureOptions" visibility="public" complexity="1" crap="1.25" count="1"/>
      <line num="29" type="stmt" count="1"/>
      <line num="32" type="stmt" count="1"/>
      <line num="33" type="stmt" count="1"/>
      <line num="34" type="stmt" count="0"/>
      <line num="35" type="stmt" count="1"/>
      <line num="36" type="stmt" count="1"/>
      <line num="38" type="stmt" count="0"/>
      <line num="41" type="stmt" count="0"/>
      <line num="42" type="stmt" count="0"/>
      <line num="44" type="stmt" count="0"/>
      <line num="47" type="stmt" count="0"/>
      <line num="49" type="stmt" count="0"/>
      <line num="50" type="stmt" count="0"/>
      <line num="51" type="stmt" count="0"/>
      <line num="52" type="stmt" count="0"/>
      <line num="53" type="stmt" count="0"/>
      <line num="54" type="stmt" count="0"/>
      <line num="56" type="stmt" count="1"/>
      <line num="57" type="stmt" count="1"/>
      <line num="59" type="method" name="buildForm" visibility="public" complexity="4" crap="8.74" count="1"/>
      <line num="61" type="stmt" count="1"/>
      <line num="62" type="stmt" count="1"/>
      <line num="64" type="stmt" count="0"/>
      <line num="65" type="stmt" count="0"/>
      <line num="66" type="stmt" count="0"/>
      <line num="68" type="stmt" count="0"/>
      <line num="69" type="stmt" count="0"/>
      <line num="70" type="stmt" count="0"/>
      <line num="72" type="stmt" count="0"/>
      <line num="75" type="stmt" count="0"/>
      <line num="76" type="stmt" count="1"/>
      <line num="77" type="stmt" count="1"/>
      <line num="79" type="method" name="getBlockPrefix" visibility="public" complexity="1" crap="1" count="1"/>
      <line num="81" type="stmt" count="1"/>
      <line num="84" type="method" name="getParent" visibility="public" complexity="1" crap="1" count="1"/>
      <line num="86" type="stmt" count="1"/>
      <metrics loc="88" ncloc="85" classes="1" methods="5" coveredmethods="3" conditionals="0" coveredconditionals="0" statements="35" coveredstatements="15" elements="40" coveredelements="18"/>
    </file>
    <file name="/home/dominik/BitBag/SyliusAgreementPlugin/src/Form/Type/Agreement/Shop/AgreementHiddenType.php">
      <class name="BitBag\SyliusAgreementPlugin\Form\Type\Agreement\Shop\AgreementHiddenType" namespace="global">
        <metrics complexity="4" methods="4" coveredmethods="4" conditionals="0" coveredconditionals="0" statements="8" coveredstatements="8" elements="12" coveredelements="12"/>
      </class>
      <line num="15" type="method" name="getParent" visibility="public" complexity="1" crap="1" count="1"/>
      <line num="17" type="stmt" count="1"/>
      <line num="20" type="method" name="getBlockPrefix" visibility="public" complexity="1" crap="1" count="1"/>
      <line num="22" type="stmt" count="1"/>
      <line num="25" type="method" name="buildView" visibility="public" complexity="1" crap="1" count="1"/>
      <line num="27" type="stmt" count="1"/>
      <line num="28" type="stmt" count="1"/>
      <line num="29" type="stmt" count="1"/>
      <line num="31" type="method" name="configureOptions" visibility="public" complexity="1" crap="1" count="1"/>
      <line num="33" type="stmt" count="1"/>
      <line num="36" type="stmt" count="1"/>
      <line num="37" type="stmt" count="1"/>
      <metrics loc="38" ncloc="38" classes="1" methods="4" coveredmethods="4" conditionals="0" coveredconditionals="0" statements="8" coveredstatements="8" elements="12" coveredelements="12"/>
    </file>
    <file name="/home/dominik/BitBag/SyliusAgreementPlugin/src/Form/Type/Agreement/Shop/AgreementType.php">
      <class name="BitBag\SyliusAgreementPlugin\Form\Type\Agreement\Shop\AgreementType" namespace="global">
        <metrics complexity="7" methods="5" coveredmethods="3" conditionals="0" coveredconditionals="0" statements="35" coveredstatements="29" elements="40" coveredelements="32"/>
      </class>
      <line num="19" type="method" name="__construct" visibility="public" complexity="1" crap="1" count="3"/>
      <line num="21" type="stmt" count="3"/>
      <line num="22" type="stmt" count="3"/>
      <line num="24" type="method" name="buildForm" visibility="public" complexity="3" crap="3" count="2"/>
      <line num="27" type="stmt" count="2"/>
      <line num="28" type="stmt" count="2"/>
      <line num="30" type="stmt" count="1"/>
      <line num="31" type="stmt" count="1"/>
      <line num="35" type="stmt" count="2"/>
      <line num="37" type="stmt" count="1"/>
      <line num="38" type="stmt" count="1"/>
      <line num="39" type="stmt" count="1"/>
      <line num="42" type="stmt" count="1"/>
      <line num="46" type="stmt" count="1"/>
      <line num="47" type="stmt" count="1"/>
      <line num="48" type="stmt" count="1"/>
      <line num="49" type="stmt" count="1"/>
      <line num="50" type="stmt" count="1"/>
      <line num="52" type="stmt" count="1"/>
      <line num="55" type="stmt" count="2"/>
      <line num="57" type="method" name="buildView" visibility="public" complexity="1" crap="2" count="0"/>
      <line num="59" type="stmt" count="0"/>
      <line num="60" type="stmt" count="0"/>
      <line num="61" type="stmt" count="0"/>
      <line num="62" type="stmt" count="0"/>
      <line num="63" type="stmt" count="0"/>
      <line num="65" type="method" name="configureOptions" visibility="public" complexity="1" crap="1" count="3"/>
      <line num="67" type="stmt" count="3"/>
      <line num="70" type="stmt" count="3"/>
      <line num="71" type="stmt" count="3"/>
      <line num="72" type="stmt" count="3"/>
      <line num="73" type="stmt" count="3"/>
      <line num="74" type="stmt" count="3"/>
      <line num="75" type="stmt" count="3"/>
      <line num="76" type="stmt" count="3"/>
      <line num="77" type="stmt" count="3"/>
      <line num="78" type="stmt" count="3"/>
      <line num="79" type="stmt" count="3"/>
      <line num="81" type="method" name="getBlockPrefix" visibility="public" complexity="1" crap="2" count="0"/>
      <line num="83" type="stmt" count="0"/>
      <metrics loc="85" ncloc="85" classes="1" methods="5" coveredmethods="3" conditionals="0" coveredconditionals="0" statements="35" coveredstatements="29" elements="40" coveredelements="32"/>
    </file>
    <file name="/home/dominik/BitBag/SyliusAgreementPlugin/src/Menu/AdminMenuListener.php">
      <class name="BitBag\SyliusAgreementPlugin\Menu\AdminMenuListener" namespace="global">
        <metrics complexity="2" methods="1" coveredmethods="1" conditionals="0" coveredconditionals="0" statements="7" coveredstatements="7" elements="8" coveredelements="8"/>
      </class>
      <line num="11" type="method" name="addAgreementItems" visibility="public" complexity="2" crap="2" count="1"/>
      <line num="13" type="stmt" count="1"/>
      <line num="15" type="stmt" count="1"/>
      <line num="16" type="stmt" count="1"/>
      <line num="18" type="stmt" count="1"/>
      <line num="19" type="stmt" count="1"/>
      <line num="20" type="stmt" count="1"/>
      <line num="22" type="stmt" count="1"/>
      <metrics loc="23" ncloc="23" classes="1" methods="1" coveredmethods="1" conditionals="0" coveredconditionals="0" statements="7" coveredstatements="7" elements="8" coveredelements="8"/>
    </file>
    <file name="/home/dominik/BitBag/SyliusAgreementPlugin/src/Repository/AgreementHistoryRepository.php">
      <class name="BitBag\SyliusAgreementPlugin\Repository\AgreementHistoryRepository" namespace="global">
        <metrics complexity="2" methods="2" coveredmethods="0" conditionals="0" coveredconditionals="0" statements="18" coveredstatements="0" elements="20" coveredelements="0"/>
      </class>
      <line num="16" type="method" name="findOneForShopUser" visibility="public" complexity="1" crap="2" count="0"/>
      <line num="18" type="stmt" count="0"/>
      <line num="20" type="stmt" count="0"/>
      <line num="21" type="stmt" count="0"/>
      <line num="22" type="stmt" count="0"/>
      <line num="23" type="stmt" count="0"/>
      <line num="24" type="stmt" count="0"/>
      <line num="25" type="stmt" count="0"/>
      <line num="26" type="stmt" count="0"/>
      <line num="28" type="stmt" count="0"/>
      <line num="31" type="method" name="findOneForOrder" visibility="public" complexity="1" crap="2" count="0"/>
      <line num="33" type="stmt" count="0"/>
      <line num="35" type="stmt" count="0"/>
      <line num="36" type="stmt" count="0"/>
      <line num="37" type="stmt" count="0"/>
      <line num="38" type="stmt" count="0"/>
      <line num="39" type="stmt" count="0"/>
      <line num="40" type="stmt" count="0"/>
      <line num="41" type="stmt" count="0"/>
      <line num="43" type="stmt" count="0"/>
      <metrics loc="45" ncloc="45" classes="1" methods="2" coveredmethods="0" conditionals="0" coveredconditionals="0" statements="18" coveredstatements="0" elements="20" coveredelements="0"/>
    </file>
    <file name="/home/dominik/BitBag/SyliusAgreementPlugin/src/Repository/AgreementHistoryRepositoryInterface.php">
      <metrics loc="18" ncloc="18" classes="0" methods="0" coveredmethods="0" conditionals="0" coveredconditionals="0" statements="0" coveredstatements="0" elements="0" coveredelements="0"/>
    </file>
    <file name="/home/dominik/BitBag/SyliusAgreementPlugin/src/Repository/AgreementRepository.php">
      <class name="BitBag\SyliusAgreementPlugin\Repository\AgreementRepository" namespace="global">
        <metrics complexity="7" methods="4" coveredmethods="0" conditionals="0" coveredconditionals="0" statements="49" coveredstatements="0" elements="53" coveredelements="0"/>
      </class>
      <line num="13" type="method" name="createListQueryBuilder" visibility="public" complexity="1" crap="2" count="0"/>
      <line num="15" type="stmt" count="0"/>
      <line num="18" type="stmt" count="0"/>
      <line num="19" type="stmt" count="0"/>
      <line num="22" type="stmt" count="0"/>
      <line num="25" type="method" name="findOneByParent" visibility="public" complexity="1" crap="2" count="0"/>
      <line num="27" type="stmt" count="0"/>
      <line num="30" type="stmt" count="0"/>
      <line num="31" type="stmt" count="0"/>
      <line num="32" type="stmt" count="0"/>
      <line num="35" type="stmt" count="0"/>
      <line num="36" type="stmt" count="0"/>
      <line num="40" type="method" name="findAgreementsByContext" visibility="public" complexity="2" crap="6" count="0"/>
      <line num="42" type="stmt" count="0"/>
      <line num="44" type="stmt" count="0"/>
      <line num="47" type="stmt" count="0"/>
      <line num="48" type="stmt" count="0"/>
      <line num="49" type="stmt" count="0"/>
      <line num="50" type="stmt" count="0"/>
      <line num="51" type="stmt" count="0"/>
      <line num="52" type="stmt" count="0"/>
      <line num="53" type="stmt" count="0"/>
      <line num="55" type="stmt" count="0"/>
      <line num="56" type="stmt" count="0"/>
      <line num="57" type="stmt" count="0"/>
      <line num="58" type="stmt" count="0"/>
      <line num="61" type="stmt" count="0"/>
      <line num="63" type="stmt" count="0"/>
      <line num="64" type="stmt" count="0"/>
      <line num="66" type="stmt" count="0"/>
      <line num="69" type="stmt" count="0"/>
      <line num="72" type="method" name="findAgreementsByContexts" visibility="public" complexity="3" crap="12" count="0"/>
      <line num="74" type="stmt" count="0"/>
      <line num="75" type="stmt" count="0"/>
      <line num="78" type="stmt" count="0"/>
      <line num="80" type="stmt" count="0"/>
      <line num="83" type="stmt" count="0"/>
      <line num="84" type="stmt" count="0"/>
      <line num="85" type="stmt" count="0"/>
      <line num="87" type="stmt" count="0"/>
      <line num="88" type="stmt" count="0"/>
      <line num="89" type="stmt" count="0"/>
      <line num="91" type="stmt" count="0"/>
      <line num="92" type="stmt" count="0"/>
      <line num="94" type="stmt" count="0"/>
      <line num="96" type="stmt" count="0"/>
      <line num="98" type="stmt" count="0"/>
      <line num="100" type="stmt" count="0"/>
      <line num="101" type="stmt" count="0"/>
      <line num="103" type="stmt" count="0"/>
      <line num="105" type="stmt" count="0"/>
      <line num="109" type="stmt" count="0"/>
      <line num="111" type="stmt" count="0"/>
      <metrics loc="113" ncloc="113" classes="1" methods="4" coveredmethods="0" conditionals="0" coveredconditionals="0" statements="49" coveredstatements="0" elements="53" coveredelements="0"/>
    </file>
    <file name="/home/dominik/BitBag/SyliusAgreementPlugin/src/Repository/AgreementRepositoryInterface.php">
      <metrics loc="20" ncloc="20" classes="0" methods="0" coveredmethods="0" conditionals="0" coveredconditionals="0" statements="0" coveredstatements="0" elements="0" coveredelements="0"/>
    </file>
    <file name="/home/dominik/BitBag/SyliusAgreementPlugin/src/Resolver/Agreement/RegistrationFormAgreementResolver.php">
      <class name="BitBag\SyliusAgreementPlugin\Resolver\Agreement\RegistrationFormAgreementResolver" namespace="global">
        <metrics complexity="3" methods="3" coveredmethods="2" conditionals="0" coveredconditionals="0" statements="4" coveredstatements="3" elements="7" coveredelements="5"/>
      </class>
      <line num="15" type="method" name="__construct" visibility="public" complexity="1" crap="1" count="1"/>
      <line num="19" type="stmt" count="1"/>
      <line num="20" type="stmt" count="1"/>
      <line num="22" type="method" name="resolve" visibility="public" complexity="1" crap="1" count="1"/>
      <line num="24" type="stmt" count="1"/>
      <line num="27" type="method" name="supports" visibility="public" complexity="1" crap="2" count="0"/>
      <line num="29" type="stmt" count="0"/>
      <metrics loc="31" ncloc="31" classes="1" methods="3" coveredmethods="2" conditionals="0" coveredconditionals="0" statements="4" coveredstatements="3" elements="7" coveredelements="5"/>
    </file>
    <file name="/home/dominik/BitBag/SyliusAgreementPlugin/src/Resolver/AgreementApproval/AgreementApprovalResolver.php">
      <class name="BitBag\SyliusAgreementPlugin\Resolver\AgreementApproval\AgreementApprovalResolver" namespace="global">
        <metrics complexity="4" methods="3" coveredmethods="2" conditionals="0" coveredconditionals="0" statements="7" coveredstatements="6" elements="10" coveredelements="8"/>
      </class>
      <line num="17" type="method" name="__construct" visibility="public" complexity="1" crap="1" count="4"/>
      <line num="19" type="stmt" count="4"/>
      <line num="20" type="stmt" count="4"/>
      <line num="22" type="method" name="resolve" visibility="public" complexity="2" crap="2.06" count="2"/>
      <line num="24" type="stmt" count="2"/>
      <line num="26" type="stmt" count="2"/>
      <line num="27" type="stmt" count="2"/>
      <line num="30" type="stmt" count="0"/>
      <line num="33" type="method" name="supports" visibility="public" complexity="1" crap="1" count="2"/>
      <line num="35" type="stmt" count="2"/>
      <metrics loc="37" ncloc="37" classes="1" methods="3" coveredmethods="2" conditionals="0" coveredconditionals="0" statements="7" coveredstatements="6" elements="10" coveredelements="8"/>
    </file>
    <file name="/home/dominik/BitBag/SyliusAgreementPlugin/src/Resolver/AgreementHistory/OrderAgreementHistoryResolver.php">
      <class name="BitBag\SyliusAgreementPlugin\Resolver\AgreementHistory\OrderAgreementHistoryResolver" namespace="global">
        <metrics complexity="5" methods="3" coveredmethods="3" conditionals="0" coveredconditionals="0" statements="8" coveredstatements="8" elements="11" coveredelements="11"/>
      </class>
      <line num="20" type="method" name="__construct" visibility="public" complexity="1" crap="1" count="7"/>
      <line num="25" type="stmt" count="7"/>
      <line num="26" type="stmt" count="7"/>
      <line num="27" type="stmt" count="7"/>
      <line num="29" type="method" name="resolveHistory" visibility="public" complexity="3" crap="3" count="6"/>
      <line num="32" type="stmt" count="6"/>
      <line num="34" type="stmt" count="6"/>
      <line num="35" type="stmt" count="1"/>
      <line num="38" type="stmt" count="5"/>
      <line num="41" type="method" name="supports" visibility="public" complexity="1" crap="1" count="1"/>
      <line num="43" type="stmt" count="1"/>
      <metrics loc="45" ncloc="44" classes="1" methods="3" coveredmethods="3" conditionals="0" coveredconditionals="0" statements="8" coveredstatements="8" elements="11" coveredelements="11"/>
    </file>
    <file name="/home/dominik/BitBag/SyliusAgreementPlugin/src/Resolver/AgreementHistory/ShopUserAgreementHistoryResolver.php">
      <class name="BitBag\SyliusAgreementPlugin\Resolver\AgreementHistory\ShopUserAgreementHistoryResolver" namespace="global">
        <metrics complexity="5" methods="3" coveredmethods="3" conditionals="0" coveredconditionals="0" statements="9" coveredstatements="9" elements="12" coveredelements="12"/>
      </class>
      <line num="20" type="method" name="__construct" visibility="public" complexity="1" crap="1" count="6"/>
      <line num="25" type="stmt" count="6"/>
      <line num="26" type="stmt" count="6"/>
      <line num="27" type="stmt" count="6"/>
      <line num="29" type="method" name="resolveHistory" visibility="public" complexity="3" crap="3" count="5"/>
      <line num="32" type="stmt" count="5"/>
      <line num="34" type="stmt" count="5"/>
      <line num="36" type="stmt" count="2"/>
      <line num="38" type="stmt" count="2"/>
      <line num="41" type="stmt" count="3"/>
      <line num="44" type="method" name="supports" visibility="public" complexity="1" crap="1" count="1"/>
      <line num="46" type="stmt" count="1"/>
      <metrics loc="48" ncloc="46" classes="1" methods="3" coveredmethods="3" conditionals="0" coveredconditionals="0" statements="9" coveredstatements="9" elements="12" coveredelements="12"/>
    </file>
    <file name="/home/dominik/BitBag/SyliusAgreementPlugin/src/Resolver/CompositeAgreementApprovalResolver.php">
      <class name="BitBag\SyliusAgreementPlugin\Resolver\CompositeAgreementApprovalResolver" namespace="global">
        <metrics complexity="5" methods="3" coveredmethods="3" conditionals="0" coveredconditionals="0" statements="7" coveredstatements="7" elements="10" coveredelements="10"/>
      </class>
      <line num="17" type="method" name="__construct" visibility="public" complexity="1" crap="1" count="5"/>
      <line num="19" type="stmt" count="5"/>
      <line num="20" type="stmt" count="5"/>
      <line num="22" type="method" name="resolve" visibility="public" complexity="3" crap="3" count="4"/>
      <line num="24" type="stmt" count="4"/>
      <line num="25" type="stmt" count="3"/>
      <line num="26" type="stmt" count="3"/>
      <line num="30" type="stmt" count="1"/>
      <line num="33" type="method" name="supports" visibility="public" complexity="1" crap="1" count="1"/>
      <line num="35" type="stmt" count="1"/>
      <metrics loc="39" ncloc="36" classes="1" methods="3" coveredmethods="3" conditionals="0" coveredconditionals="0" statements="7" coveredstatements="7" elements="10" coveredelements="10"/>
    </file>
    <file name="/home/dominik/BitBag/SyliusAgreementPlugin/src/Resolver/CompositeAgreementHistoryResolver.php">
      <class name="BitBag\SyliusAgreementPlugin\Resolver\CompositeAgreementHistoryResolver" namespace="global">
        <metrics complexity="7" methods="3" coveredmethods="3" conditionals="0" coveredconditionals="0" statements="13" coveredstatements="13" elements="16" coveredelements="16"/>
      </class>
      <line num="20" type="method" name="__construct" visibility="public" complexity="1" crap="1" count="3"/>
      <line num="25" type="stmt" count="3"/>
      <line num="26" type="stmt" count="3"/>
      <line num="27" type="stmt" count="3"/>
      <line num="29" type="method" name="resolveHistory" visibility="public" complexity="5" crap="5" count="2"/>
      <line num="31" type="stmt" count="2"/>
      <line num="32" type="stmt" count="2"/>
      <line num="33" type="stmt" count="2"/>
      <line num="34" type="stmt" count="1"/>
      <line num="37" type="stmt" count="2"/>
      <line num="38" type="stmt" count="1"/>
      <line num="42" type="stmt" count="2"/>
      <line num="44" type="stmt" count="1"/>
      <line num="47" type="stmt" count="2"/>
      <line num="50" type="method" name="supports" visibility="public" complexity="1" crap="1" count="1"/>
      <line num="52" type="stmt" count="1"/>
      <metrics loc="54" ncloc="50" classes="1" methods="3" coveredmethods="3" conditionals="0" coveredconditionals="0" statements="13" coveredstatements="13" elements="16" coveredelements="16"/>
    </file>
    <file name="/home/dominik/BitBag/SyliusAgreementPlugin/src/Resolver/CompositeAgreementResolver.php">
      <class name="BitBag\SyliusAgreementPlugin\Resolver\CompositeAgreementResolver" namespace="global">
        <metrics complexity="5" methods="3" coveredmethods="3" conditionals="0" coveredconditionals="0" statements="8" coveredstatements="8" elements="11" coveredelements="11"/>
      </class>
      <line num="14" type="method" name="__construct" visibility="public" complexity="1" crap="1" count="4"/>
      <line num="16" type="stmt" count="4"/>
      <line num="17" type="stmt" count="4"/>
      <line num="19" type="method" name="resolve" visibility="public" complexity="3" crap="3" count="3"/>
      <line num="21" type="stmt" count="3"/>
      <line num="23" type="stmt" count="3"/>
      <line num="24" type="stmt" count="3"/>
      <line num="25" type="stmt" count="3"/>
      <line num="29" type="stmt" count="3"/>
      <line num="32" type="method" name="supports" visibility="public" complexity="1" crap="1" count="1"/>
      <line num="34" type="stmt" count="1"/>
      <metrics loc="36" ncloc="33" classes="1" methods="3" coveredmethods="3" conditionals="0" coveredconditionals="0" statements="8" coveredstatements="8" elements="11" coveredelements="11"/>
    </file>
    <metrics files="29" loc="1574" ncloc="1546" classes="24" methods="114" coveredmethods="94" conditionals="0" coveredconditionals="0" statements="410" coveredstatements="292" elements="524" coveredelements="386"/>
  </project>
</coverage>
